============================================================
   Tang Dynasty, V5.0.30786
   Copyright:   Shanghai Anlogic Infotech Co., Ltd.
                2011 - 2021
   Executable = D:/English/TD5.0/bin/td.exe
   Run by =     luowei
   Run Date =   Wed Feb 23 13:16:49 2022

   Run on =     LAPTOP-90DN52SL
============================================================
RUN-001 : GUI based run...
RUN-1002 : start command "open_project wave_vga.al"
RUN-8001 ERROR: al_ip/clk_vga_sim.v: Can't find this file.
RUN-8001 ERROR: al_ip/FIFO_sim.v: Can't find this file.
RUN-8001 ERROR: al_ip/img_rom_sim.v: Can't find this file.
RUN-8001 ERROR: al_ip/muddr_sim.v: Can't find this file.
RUN-8001 ERROR: al_ip/sin_rom_sim.v: Can't find this file.
RUN-1001 : Print Global Property
RUN-1001 : -------------------------------------------------------
RUN-1001 :        Parameters        |  Settings  |  Default Values  
RUN-1001 : -------------------------------------------------------
RUN-1001 :          message         |  standard  |     standard     
RUN-1001 :   mixed_pack_place_flow  |     on     |        on        
RUN-1001 :        syn_ip_flow       |    off     |       off        
RUN-1001 :          thread          |    auto    |       auto       
RUN-1001 : -------------------------------------------------------
RUN-1001 : Print Design Property
RUN-1001 : ------------------------------------------------------
RUN-1001 :        Parameters       |  Settings  |  Default Values  
RUN-1001 : ------------------------------------------------------
RUN-1001 :        infer_add        |     on     |        on        
RUN-1001 :        infer_fsm        |    off     |       off        
RUN-1001 :        infer_mult       |     on     |        on        
RUN-1001 :        infer_ram        |     on     |        on        
RUN-1001 :        infer_reg        |     on     |        on        
RUN-1001 :   infer_reg_init_value  |     on     |        on        
RUN-1001 :        infer_rom        |     on     |        on        
RUN-1001 :      infer_shifter      |    off     |       off        
RUN-1001 :         map_dram        |    auto    |       auto       
RUN-1001 : ------------------------------------------------------
RUN-1001 : Print Rtl Property
RUN-1001 : ------------------------------------------------------
RUN-1001 :        Parameters       |  Settings  |  Default Values  
RUN-1001 : ------------------------------------------------------
RUN-1001 :       compress_add      |   ripple   |      ripple      
RUN-1001 :        elf_sload        |    off     |       off        
RUN-1001 :       fix_undriven      |     0      |        0         
RUN-1001 :         flatten         |    off     |       off        
RUN-1001 :       gate_sharing      |     on     |        on        
RUN-1001 :    hdl_warning_level    |   normal   |      normal      
RUN-1001 :   impl_internal_tribuf  |     on     |        on        
RUN-1001 :      impl_set_reset     |     on     |        on        
RUN-1001 :        infer_gsr        |    off     |       off        
RUN-1001 :      keep_hierarchy     |    auto    |       auto       
RUN-1001 :        max_fanout       |    9999    |       9999       
RUN-1001 :      max_oh2bin_len     |     10     |        10        
RUN-1001 :       merge_equal       |     on     |        on        
RUN-1001 :       merge_equiv       |     on     |        on        
RUN-1001 :        merge_mux        |    off     |       off        
RUN-1001 :      min_ce_fanout      |     16     |        16        
RUN-1001 :      min_ripple_len     |    auto    |       auto       
RUN-1001 :       oh2bin_ratio      |    0.08    |       0.08       
RUN-1001 :     opt_adder_fanout    |     on     |        on        
RUN-1001 :        opt_arith        |     on     |        on        
RUN-1001 :       opt_big_gate      |    off     |       off        
RUN-1001 :        opt_const        |     on     |        on        
RUN-1001 :      opt_const_mult     |     on     |        on        
RUN-1001 :       opt_lessthan      |     on     |        on        
RUN-1001 :         opt_mux         |    off     |       off        
RUN-1001 :         opt_ram         |    high    |       high       
RUN-1001 :      rtl_sim_model      |    off     |       off        
RUN-1001 :         seq_syn         |     on     |        on        
RUN-1001 : ------------------------------------------------------
HDL-1007 : analyze verilog file top.v
HDL-1007 : analyze verilog file clk_vga.v
HDL-1007 : analyze verilog file Driver.v
HDL-1007 : analyze verilog file al_ip/img_rom.v
HDL-1007 : analyze verilog file al_ip/muddr.v
HDL-1007 : analyze verilog file pic_disp_rom.v
HDL-1007 : analyze verilog file lcd_display.v
HDL-1007 : analyze verilog file ADDA.v
HDL-1007 : analyze verilog file Phase_Acc.v
HDL-1007 : analyze verilog file al_ip/clk_vga.v
HDL-5007 WARNING: overwrite current module 'clk_vga' in al_ip/clk_vga.v(22)
HDL-1007 : previous definition of design element 'clk_vga' is here in clk_vga.v(22)
HDL-1007 : analyze verilog file al_ip/FIFO.v
HDL-1007 : analyze verilog file al_ip/PLL.v
HDL-1007 : analyze verilog file al_ip/PLL_sim.v
HDL-5007 WARNING: overwrite current module 'PLL' in al_ip/PLL_sim.v(5)
HDL-1007 : previous definition of design element 'PLL' is here in al_ip/PLL.v(23)
HDL-1007 : analyze verilog file al_ip/sin_rom.v
RUN-1001 : Project manager successfully analyzed 19 source files.
